<?xml version="1.0" encoding="UTF-8"?>
<!-- Generated by org.testng.reporters.JUnitReportReporter -->
<testsuite hostname="LAPTOP-26QM8STO" failures="0" tests="2" name="com.Domain_EMITest.TC_001_VerifyLoginPage" time="29.461" errors="0" timestamp="2022-04-05T00:41:11 IST" skipped="0">
  <testcase classname="com.Domain_EMITest.TC_001_VerifyLoginPage" name="verifyFBLoginTest_Invaliddata" time="15.960"/>
  <system-out/>
  <testcase classname="com.Domain_EMITest.TC_001_VerifyLoginPage" name="verifyFBLoginTest_Invaliddata" time="13.501"/>
  <system-out/>
</testsuite> <!-- com.Domain_EMITest.TC_001_VerifyLoginPage -->
