<?xml version="1.0" encoding="UTF-8"?>
<!-- Generated by org.testng.reporters.JUnitReportReporter -->
<testsuite hostname="LAPTOP-26QM8STO" failures="0" tests="1" name="com.Domain_EMITest.TC_002" time="14.135" errors="0" timestamp="2022-04-05T00:07:58 IST" skipped="0">
  <testcase classname="com.Domain_EMITest.TC_002" name="Verification" time="14.135"/>
  <system-out/>
</testsuite> <!-- com.Domain_EMITest.TC_002 -->
